{"name": "Проверка появления нового заказа в работе", "status": "broken", "statusDetails": {"message": "selenium.common.exceptions.TimeoutException: Message:", "trace": "self = <tests.test_feed_page.TestFeedPage object at 0x000002CE3429BD70>\ndriver = <selenium.webdriver.firefox.webdriver.WebDriver (session=\"9774b541-610e-4a56-a559-1abc991a365e\")>, create_user = ('efaag@mail.ru', 'edg53W')\n\n    @allure.title('Проверка появления нового заказа в работе')\n    def test_order_in_progress_displayed(self, driver, create_user):\n        email, password = create_user\n        account_page = AccountPage(driver)\n        feed_page = FeedPage(driver)\n        main_page = MainPage(driver)\n        main_page.click_personal_account_button()\n        account_page.send_login_data(email, password)\n        account_page.click_login_button()\n        main_page.wait_checkout_button_visible()\n        main_page.drag_and_drop_ingredient()\n        main_page.click_checkout_button()\n>       new_order_id = main_page.get_number_in_modal_window_after_create_order()\n\ntests\\test_feed_page.py:92: \n_ _ _ _ _ _ _ _ _ _ _ _ _ _ _ _ _ _ _ _ _ _ _ _ _ _ _ _ _ _ _ _ _ _ _ _ _ _ _ _ _ _ _ _ _ _ _ _ _ _ _ _ _ _ _ _ _ _ _ _ _ _ _ _ _ _ _ _ _ _ _ _ _ _ _ _ _ _ _ _ _ _ _ _ _ _ _ \npages\\main_page.py:80: in get_number_in_modal_window_after_create_order\n    self.wait_for_text_to_be_changed(MainPageLocators.NINES_IN_MOD_WIN_AFTER_CREATE_ORDER, '9999')\npages\\base_page.py:71: in wait_for_text_to_be_changed\n    return WebDriverWait(self.driver, 10).until_not(\n_ _ _ _ _ _ _ _ _ _ _ _ _ _ _ _ _ _ _ _ _ _ _ _ _ _ _ _ _ _ _ _ _ _ _ _ _ _ _ _ _ _ _ _ _ _ _ _ _ _ _ _ _ _ _ _ _ _ _ _ _ _ _ _ _ _ _ _ _ _ _ _ _ _ _ _ _ _ _ _ _ _ _ _ _ _ _ \n\nself = <selenium.webdriver.support.wait.WebDriverWait (session=\"9774b541-610e-4a56-a559-1abc991a365e\")>\nmethod = <function text_to_be_present_in_element.<locals>._predicate at 0x000002CE34345DA0>, message = ''\n\n    def until_not(self, method: Callable[[D], T], message: str = \"\") -> Union[T, Literal[True]]:\n        \"\"\"Calls the method provided with the driver as an argument until the \\\n        return value evaluates to ``False``.\n    \n        :param method: callable(WebDriver)\n        :param message: optional message for :exc:`TimeoutException`\n        :returns: the result of the last call to `method`, or\n                  ``True`` if `method` has raised one of the ignored exceptions\n        :raises: :exc:`selenium.common.exceptions.TimeoutException` if timeout occurs\n        \"\"\"\n        end_time = time.monotonic() + self._timeout\n        while True:\n            try:\n                value = method(self._driver)\n                if not value:\n                    return value\n            except self._ignored_exceptions:\n                return True\n            time.sleep(self._poll)\n            if time.monotonic() > end_time:\n                break\n>       raise TimeoutException(message)\nE       selenium.common.exceptions.TimeoutException: Message:\n\n..\\Diplom_3-develop_3\\.venv\\Lib\\site-packages\\selenium\\webdriver\\support\\wait.py:128: TimeoutException"}, "steps": [{"name": "Клик по кнопке войти в аккаунт", "status": "passed", "start": 1733050785060, "stop": 1733050785138}, {"name": "Вводим почти и пароль", "status": "passed", "parameters": [{"name": "email", "value": "'efaag@mail.ru'"}, {"name": "password", "value": "'edg53W'"}], "start": 1733050785138, "stop": 1733050785239}, {"name": "Нажимаем кнопку войти", "status": "passed", "start": 1733050785239, "stop": 1733050785265}, {"name": "Проверка видимости кнопки оформить заказ", "status": "passed", "start": 1733050785265, "stop": 1733050785786}, {"name": "Перетаскивание ингредиента ", "status": "passed", "start": 1733050785786, "stop": 1733050794375}, {"name": "Кликнуть по кнопке оформить заказ", "status": "passed", "start": 1733050794375, "stop": 1733050794401}, {"name": "Получение номера заказа после создания", "status": "broken", "statusDetails": {"message": "selenium.common.exceptions.TimeoutException: Message: \n\n", "trace": "  File \"C:\\Users\\semak\\PycharmProjects\\Diplom_3-develop_3\\.venv\\Lib\\site-packages\\allure_commons\\_allure.py\", line 192, in impl\n    return func(*a, **kw)\n           ^^^^^^^^^^^^^^\n  File \"C:\\Users\\semak\\PycharmProjects\\Diplom_3\\pages\\main_page.py\", line 80, in get_number_in_modal_window_after_create_order\n    self.wait_for_text_to_be_changed(MainPageLocators.NINES_IN_MOD_WIN_AFTER_CREATE_ORDER, '9999')\n  File \"C:\\Users\\semak\\PycharmProjects\\Diplom_3\\pages\\base_page.py\", line 71, in wait_for_text_to_be_changed\n    return WebDriverWait(self.driver, 10).until_not(\n           ^^^^^^^^^^^^^^^^^^^^^^^^^^^^^^^^^^^^^^^^^\n  File \"C:\\Users\\semak\\PycharmProjects\\Diplom_3-develop_3\\.venv\\Lib\\site-packages\\selenium\\webdriver\\support\\wait.py\", line 128, in until_not\n    raise TimeoutException(message)\n"}, "start": 1733050794401, "stop": 1733050804598}], "parameters": [{"name": "driver", "value": "'firefox'"}], "start": 1733050785060, "stop": 1733050804633, "uuid": "37dffb4b-7a6e-401d-be42-407abc9d97f6", "historyId": "7bc9f134f97b8f5ad8ee1505ecc32130", "testCaseId": "dad42ee7d47fcab7d0ff2433e5b72324", "fullName": "tests.test_feed_page.TestFeedPage#test_order_in_progress_displayed", "labels": [{"name": "parentSuite", "value": "tests"}, {"name": "suite", "value": "test_feed_page"}, {"name": "subSuite", "value": "TestFeedPage"}, {"name": "host", "value": "komp"}, {"name": "thread", "value": "21576-MainThread"}, {"name": "framework", "value": "pytest"}, {"name": "language", "value": "cpython3"}, {"name": "package", "value": "tests.test_feed_page"}]}