{"name": "Проверка увеличения счетчика заказов за сегодня", "status": "failed", "statusDetails": {"message": "AssertionError: assert 481 > 481\n +  where 481 = int('481')\n +  and   481 = int('481')", "trace": "self = <tests.test_feed_page.TestFeedPage object at 0x000002CE3429BAD0>\ndriver = <selenium.webdriver.firefox.webdriver.WebDriver (session=\"4bedf336-e9a9-4ca0-9090-d85b3b3b0711\")>, create_user = ('tpykxgqr@mail.ru', 'x4tgrQN2S')\n\n    @allure.title('Проверка увеличения счетчика заказов за сегодня')\n    def test_counter_orders_today(self, driver, create_user):\n        email, password = create_user\n        account_page = AccountPage(driver)\n        feed_page = FeedPage(driver)\n        main_page = MainPage(driver)\n        main_page.click_feed_button()\n        orders_quantity_1 = feed_page.get_today_orders_quantity()\n        main_page.click_constructor_button()\n        main_page.click_personal_account_button()\n        account_page.send_login_data(email, password)\n        account_page.click_login_button()\n        main_page.wait_checkout_button_visible()\n        main_page.drag_and_drop_ingredient()\n        main_page.click_checkout_button()\n        main_page.close_order_window()\n        main_page.click_personal_account_link()\n        account_page.check_exit_button()\n        account_page.click_feed_button()\n        orders_quantity_2 = feed_page.get_today_orders_quantity()\n>       assert int(orders_quantity_2) > int(orders_quantity_1)\nE       AssertionError: assert 481 > 481\nE        +  where 481 = int('481')\nE        +  and   481 = int('481')\n\ntests\\test_feed_page.py:78: AssertionError"}, "steps": [{"name": "Кликь по кнопке лента заказов", "status": "passed", "start": 1733050734298, "stop": 1733050734334}, {"name": "Получение количества заказов за сегодня", "status": "passed", "start": 1733050734334, "stop": 1733050735368}, {"name": "Клик по кнопке конструктора", "status": "passed", "start": 1733050735368, "stop": 1733050735391}, {"name": "Клик по кнопке войти в аккаунт", "status": "passed", "start": 1733050735391, "stop": 1733050735422}, {"name": "Вводим почти и пароль", "status": "passed", "parameters": [{"name": "email", "value": "'tpykxgqr@mail.ru'"}, {"name": "password", "value": "'x4tgrQN2S'"}], "start": 1733050735422, "stop": 1733050735486}, {"name": "Нажимаем кнопку войти", "status": "passed", "start": 1733050735486, "stop": 1733050735504}, {"name": "Проверка видимости кнопки оформить заказ", "status": "passed", "start": 1733050735505, "stop": 1733050736022}, {"name": "Перетаскивание ингредиента ", "status": "passed", "start": 1733050736022, "stop": 1733050744610}, {"name": "Кликнуть по кнопке оформить заказ", "status": "passed", "start": 1733050744610, "stop": 1733050744634}, {"name": "Закрытие окна заказа", "status": "passed", "start": 1733050744634, "stop": 1733050745171}, {"name": "Клик по кнопке личный кабинет", "status": "passed", "start": 1733050745171, "stop": 1733050745188}, {"name": "Проверка кнопки выход", "status": "passed", "start": 1733050745189, "stop": 1733050745714}, {"name": "Жмем по кнопке Лента заказов\"", "status": "passed", "start": 1733050745714, "stop": 1733050745732}, {"name": "Получение количества заказов за сегодня", "status": "passed", "start": 1733050745732, "stop": 1733050746250}], "parameters": [{"name": "driver", "value": "'firefox'"}], "start": 1733050734298, "stop": 1733050746250, "uuid": "9b40e9dd-817c-410a-9924-60aae71688f1", "historyId": "a7439b3e40e7a8cf30b90e5dd59d652e", "testCaseId": "cc467d9c6c59c52a9d1857739d0613d3", "fullName": "tests.test_feed_page.TestFeedPage#test_counter_orders_today", "labels": [{"name": "parentSuite", "value": "tests"}, {"name": "suite", "value": "test_feed_page"}, {"name": "subSuite", "value": "TestFeedPage"}, {"name": "host", "value": "komp"}, {"name": "thread", "value": "21576-MainThread"}, {"name": "framework", "value": "pytest"}, {"name": "language", "value": "cpython3"}, {"name": "package", "value": "tests.test_feed_page"}]}